[06-Jul-2015 10:50:33 UTC] PHP Warning:  Attempt to modify property of non-object in C:\Winginx\home\monavis.local\public_html\wp-content\themes\monavis\functions.php on line 632
[06-Jul-2015 10:51:33 UTC] PHP Warning:  Attempt to modify property of non-object in C:\Winginx\home\monavis.local\public_html\wp-content\themes\monavis\functions.php on line 632
[06-Jul-2015 10:51:47 UTC] PHP Warning:  Attempt to modify property of non-object in C:\Winginx\home\monavis.local\public_html\wp-content\themes\monavis\functions.php on line 632
[06-Jul-2015 10:51:47 UTC] PHP Warning:  Attempt to modify property of non-object in C:\Winginx\home\monavis.local\public_html\wp-content\themes\monavis\functions.php on line 632
[06-Jul-2015 10:51:47 UTC] PHP Warning:  Attempt to modify property of non-object in C:\Winginx\home\monavis.local\public_html\wp-content\themes\monavis\functions.php on line 632
[06-Jul-2015 10:51:47 UTC] PHP Warning:  Attempt to modify property of non-object in C:\Winginx\home\monavis.local\public_html\wp-content\themes\monavis\functions.php on line 632
[15-Jul-2015 13:32:28 UTC] PHP Warning:  strtr() [<a href='function.strtr'>function.strtr</a>]: The second argument is not an array in C:\Winginx\home\monavis.local\public_html\wp-content\plugins\rus-to-lat\rus-to-lat.php on line 57
[15-Jul-2015 13:32:28 UTC] PHP Warning:  strtr() [<a href='function.strtr'>function.strtr</a>]: The second argument is not an array in C:\Winginx\home\monavis.local\public_html\wp-content\plugins\rus-to-lat\rus-to-lat.php on line 57
[15-Jul-2015 13:32:30 UTC] PHP Warning:  strtr() [<a href='function.strtr'>function.strtr</a>]: The second argument is not an array in C:\Winginx\home\monavis.local\public_html\wp-content\plugins\rus-to-lat\rus-to-lat.php on line 57
[15-Jul-2015 13:32:30 UTC] PHP Warning:  strtr() [<a href='function.strtr'>function.strtr</a>]: The second argument is not an array in C:\Winginx\home\monavis.local\public_html\wp-content\plugins\rus-to-lat\rus-to-lat.php on line 57
[15-Jul-2015 13:32:30 UTC] PHP Warning:  strtr() [<a href='function.strtr'>function.strtr</a>]: The second argument is not an array in C:\Winginx\home\monavis.local\public_html\wp-content\plugins\rus-to-lat\rus-to-lat.php on line 57
[15-Jul-2015 13:32:30 UTC] PHP Warning:  strtr() [<a href='function.strtr'>function.strtr</a>]: The second argument is not an array in C:\Winginx\home\monavis.local\public_html\wp-content\plugins\rus-to-lat\rus-to-lat.php on line 57
[15-Jul-2015 13:32:30 UTC] PHP Warning:  strtr() [<a href='function.strtr'>function.strtr</a>]: The second argument is not an array in C:\Winginx\home\monavis.local\public_html\wp-content\plugins\rus-to-lat\rus-to-lat.php on line 57
[15-Jul-2015 13:32:30 UTC] PHP Warning:  strtr() [<a href='function.strtr'>function.strtr</a>]: The second argument is not an array in C:\Winginx\home\monavis.local\public_html\wp-content\plugins\rus-to-lat\rus-to-lat.php on line 57
[15-Jul-2015 13:32:30 UTC] PHP Warning:  strtr() [<a href='function.strtr'>function.strtr</a>]: The second argument is not an array in C:\Winginx\home\monavis.local\public_html\wp-content\plugins\rus-to-lat\rus-to-lat.php on line 57
[15-Jul-2015 13:32:30 UTC] PHP Warning:  strtr() [<a href='function.strtr'>function.strtr</a>]: The second argument is not an array in C:\Winginx\home\monavis.local\public_html\wp-content\plugins\rus-to-lat\rus-to-lat.php on line 57
[15-Jul-2015 13:32:30 UTC] PHP Warning:  strtr() [<a href='function.strtr'>function.strtr</a>]: The second argument is not an array in C:\Winginx\home\monavis.local\public_html\wp-content\plugins\rus-to-lat\rus-to-lat.php on line 57
[15-Jul-2015 13:32:30 UTC] PHP Warning:  strtr() [<a href='function.strtr'>function.strtr</a>]: The second argument is not an array in C:\Winginx\home\monavis.local\public_html\wp-content\plugins\rus-to-lat\rus-to-lat.php on line 57
[15-Jul-2015 13:32:30 UTC] PHP Warning:  strtr() [<a href='function.strtr'>function.strtr</a>]: The second argument is not an array in C:\Winginx\home\monavis.local\public_html\wp-content\plugins\rus-to-lat\rus-to-lat.php on line 57
[15-Jul-2015 13:32:30 UTC] PHP Warning:  strtr() [<a href='function.strtr'>function.strtr</a>]: The second argument is not an array in C:\Winginx\home\monavis.local\public_html\wp-content\plugins\rus-to-lat\rus-to-lat.php on line 57
[15-Jul-2015 13:32:30 UTC] PHP Warning:  strtr() [<a href='function.strtr'>function.strtr</a>]: The second argument is not an array in C:\Winginx\home\monavis.local\public_html\wp-content\plugins\rus-to-lat\rus-to-lat.php on line 57
[15-Jul-2015 13:32:30 UTC] PHP Warning:  strtr() [<a href='function.strtr'>function.strtr</a>]: The second argument is not an array in C:\Winginx\home\monavis.local\public_html\wp-content\plugins\rus-to-lat\rus-to-lat.php on line 57
[15-Jul-2015 13:32:30 UTC] PHP Warning:  strtr() [<a href='function.strtr'>function.strtr</a>]: The second argument is not an array in C:\Winginx\home\monavis.local\public_html\wp-content\plugins\rus-to-lat\rus-to-lat.php on line 57
[15-Jul-2015 13:32:30 UTC] PHP Warning:  strtr() [<a href='function.strtr'>function.strtr</a>]: The second argument is not an array in C:\Winginx\home\monavis.local\public_html\wp-content\plugins\rus-to-lat\rus-to-lat.php on line 57
[15-Jul-2015 13:32:30 UTC] PHP Warning:  strtr() [<a href='function.strtr'>function.strtr</a>]: The second argument is not an array in C:\Winginx\home\monavis.local\public_html\wp-content\plugins\rus-to-lat\rus-to-lat.php on line 57
[15-Jul-2015 13:32:30 UTC] PHP Warning:  strtr() [<a href='function.strtr'>function.strtr</a>]: The second argument is not an array in C:\Winginx\home\monavis.local\public_html\wp-content\plugins\rus-to-lat\rus-to-lat.php on line 57
[15-Jul-2015 13:32:30 UTC] PHP Warning:  strtr() [<a href='function.strtr'>function.strtr</a>]: The second argument is not an array in C:\Winginx\home\monavis.local\public_html\wp-content\plugins\rus-to-lat\rus-to-lat.php on line 57
[15-Jul-2015 13:32:30 UTC] PHP Warning:  strtr() [<a href='function.strtr'>function.strtr</a>]: The second argument is not an array in C:\Winginx\home\monavis.local\public_html\wp-content\plugins\rus-to-lat\rus-to-lat.php on line 57
[15-Jul-2015 13:32:30 UTC] PHP Warning:  strtr() [<a href='function.strtr'>function.strtr</a>]: The second argument is not an array in C:\Winginx\home\monavis.local\public_html\wp-content\plugins\rus-to-lat\rus-to-lat.php on line 57
[15-Jul-2015 13:32:30 UTC] PHP Warning:  strtr() [<a href='function.strtr'>function.strtr</a>]: The second argument is not an array in C:\Winginx\home\monavis.local\public_html\wp-content\plugins\rus-to-lat\rus-to-lat.php on line 57
[15-Jul-2015 13:32:30 UTC] PHP Warning:  strtr() [<a href='function.strtr'>function.strtr</a>]: The second argument is not an array in C:\Winginx\home\monavis.local\public_html\wp-content\plugins\rus-to-lat\rus-to-lat.php on line 57
[15-Jul-2015 13:32:30 UTC] PHP Warning:  strtr() [<a href='function.strtr'>function.strtr</a>]: The second argument is not an array in C:\Winginx\home\monavis.local\public_html\wp-content\plugins\rus-to-lat\rus-to-lat.php on line 57
[15-Jul-2015 13:33:42 UTC] PHP Warning:  Attempt to modify property of non-object in C:\Winginx\home\monavis.local\public_html\wp-content\themes\monavis\functions.php on line 632
[15-Jul-2015 13:33:42 UTC] PHP Warning:  Attempt to modify property of non-object in C:\Winginx\home\monavis.local\public_html\wp-content\themes\monavis\functions.php on line 632
[15-Jul-2015 13:33:44 UTC] PHP Warning:  Attempt to modify property of non-object in C:\Winginx\home\monavis.local\public_html\wp-content\themes\monavis\functions.php on line 632
[15-Jul-2015 13:33:44 UTC] PHP Warning:  Attempt to modify property of non-object in C:\Winginx\home\monavis.local\public_html\wp-content\themes\monavis\functions.php on line 632
[21-Jul-2015 10:43:23 UTC] PHP Parse error:  syntax error, unexpected '@', expecting T_STRING or T_VARIABLE or '{' or '$' in C:\Winginx\home\monavis.local\public_html\wp-content\themes\monavis\func\breadcrumb.php on line 42
[21-Jul-2015 10:44:05 UTC] PHP Parse error:  syntax error, unexpected T_LNUMBER, expecting T_STRING or T_VARIABLE or '{' or '$' in C:\Winginx\home\monavis.local\public_html\wp-content\themes\monavis\func\breadcrumb.php on line 42
[21-Jul-2015 12:14:03 UTC] PHP Parse error:  syntax error, unexpected '(', expecting ',' or ';' in C:\Winginx\home\monavis.local\public_html\wp-content\themes\monavis\func\breadcrumb.php on line 9
[21-Jul-2015 12:14:05 UTC] PHP Parse error:  syntax error, unexpected '(', expecting ',' or ';' in C:\Winginx\home\monavis.local\public_html\wp-content\themes\monavis\func\breadcrumb.php on line 9
[22-Jul-2015 09:49:19 UTC] PHP Parse error:  syntax error, unexpected '[' in C:\Winginx\home\monavis.local\public_html\wp-content\themes\monavis\func\metabox.php on line 79
[22-Jul-2015 09:49:20 UTC] PHP Parse error:  syntax error, unexpected '[' in C:\Winginx\home\monavis.local\public_html\wp-content\themes\monavis\func\metabox.php on line 79
[22-Jul-2015 10:05:50 UTC] PHP Warning:  trim() expects parameter 1 to be string, array given in C:\Winginx\home\monavis.local\public_html\wp-content\themes\monavis\func\metabox.php on line 217
[22-Jul-2015 10:05:50 UTC] PHP Warning:  Cannot modify header information - headers already sent by (output started at C:\Winginx\home\monavis.local\public_html\wp-content\themes\monavis\func\metabox.php:217) in C:\Winginx\home\monavis.local\public_html\wp-admin\post.php on line 235
[22-Jul-2015 10:05:50 UTC] PHP Warning:  Cannot modify header information - headers already sent by (output started at C:\Winginx\home\monavis.local\public_html\wp-content\themes\monavis\func\metabox.php:217) in C:\Winginx\home\monavis.local\public_html\wp-includes\pluggable.php on line 1196
[22-Jul-2015 10:06:39 UTC] PHP Warning:  trim() expects parameter 1 to be string, array given in C:\Winginx\home\monavis.local\public_html\wp-content\themes\monavis\func\metabox.php on line 216
[22-Jul-2015 10:06:39 UTC] PHP Warning:  Cannot modify header information - headers already sent by (output started at C:\Winginx\home\monavis.local\public_html\wp-content\themes\monavis\func\metabox.php:216) in C:\Winginx\home\monavis.local\public_html\wp-admin\post.php on line 235
[22-Jul-2015 10:06:39 UTC] PHP Warning:  Cannot modify header information - headers already sent by (output started at C:\Winginx\home\monavis.local\public_html\wp-content\themes\monavis\func\metabox.php:216) in C:\Winginx\home\monavis.local\public_html\wp-includes\pluggable.php on line 1196
[22-Jul-2015 10:23:46 UTC] База данных WordPress возвратила ошибку You have an error in your SQL syntax; check the manual that corresponds to your MySQL server version for the right syntax to use near 'WHERE p.post_type= 'product' FROM wp_posts AS p AND p.post_status = 'publish'' at line 1 в ответ на запрос SELECT DISTINCT p.post_name, p.post_title, p.ID WHERE p.post_type= 'product' FROM wp_posts AS p AND p.post_status = 'publish', выполненный include('C:\Winginx\home\monavis.local\public_html\wp-admin\edit-form-advanced.php'), do_meta_boxes, call_user_func, monavis_show_meta_box_callback, monavis_get_decoration_fields
[22-Jul-2015 10:24:30 UTC] PHP Parse error:  syntax error, unexpected T_VARIABLE in C:\Winginx\home\monavis.local\public_html\wp-content\themes\monavis\func\metabox.php on line 82
[22-Jul-2015 10:24:31 UTC] PHP Parse error:  syntax error, unexpected T_VARIABLE in C:\Winginx\home\monavis.local\public_html\wp-content\themes\monavis\func\metabox.php on line 82
[22-Jul-2015 13:22:57 UTC] PHP Fatal error:  Maximum execution time of 120 seconds exceeded in C:\Winginx\home\monavis.local\public_html\wp-includes\theme.php on line 368
[22-Jul-2015 15:11:17 UTC] PHP Fatal error:  Call to private Taxonomy_Term_Image::__construct() from invalid context in C:\Winginx\home\monavis.local\public_html\wp-content\themes\monavis\func\taxonomies.php on line 41
[22-Jul-2015 15:13:30 UTC] PHP Fatal error:  Cannot access empty property in C:\Winginx\home\monavis.local\public_html\wp-content\themes\monavis\func\taxonomies-attributes.php on line 33
[22-Jul-2015 15:13:31 UTC] PHP Fatal error:  Cannot access empty property in C:\Winginx\home\monavis.local\public_html\wp-content\themes\monavis\func\taxonomies-attributes.php on line 33
[22-Jul-2015 15:13:33 UTC] PHP Fatal error:  Cannot access empty property in C:\Winginx\home\monavis.local\public_html\wp-content\themes\monavis\func\taxonomies-attributes.php on line 33
[22-Jul-2015 15:14:13 UTC] PHP Fatal error:  Cannot access empty property in C:\Winginx\home\monavis.local\public_html\wp-content\themes\monavis\func\taxonomies.php on line 42
[22-Jul-2015 15:18:12 UTC] PHP Fatal error:  Cannot access empty property in C:\Winginx\home\monavis.local\public_html\wp-content\themes\monavis\func\taxonomies-attributes.php on line 46
[22-Jul-2015 15:18:13 UTC] PHP Fatal error:  Cannot access empty property in C:\Winginx\home\monavis.local\public_html\wp-content\themes\monavis\func\taxonomies-attributes.php on line 46
[22-Jul-2015 15:18:43 UTC] PHP Fatal error:  Cannot access empty property in C:\Winginx\home\monavis.local\public_html\wp-content\themes\monavis\func\taxonomies-attributes.php on line 46
[23-Jul-2015 16:56:16 UTC] PHP Parse error:  syntax error, unexpected T_ARRAY, expecting ')' in C:\Winginx\home\monavis.local\public_html\wp-content\themes\monavis\func\theme-options.php on line 10
