[01-Jul-2015 12:44:29 UTC] PHP Warning:  Attempt to modify property of non-object in C:\Winginx\home\monavis.local\public_html\wp-content\themes\monavis\functions.php on line 632
[06-Jul-2015 10:49:09 UTC] PHP Warning:  Attempt to modify property of non-object in C:\Winginx\home\monavis.local\public_html\wp-content\themes\monavis\functions.php on line 632
[06-Jul-2015 10:49:15 UTC] PHP Warning:  Attempt to modify property of non-object in C:\Winginx\home\monavis.local\public_html\wp-content\themes\monavis\functions.php on line 632
[06-Jul-2015 10:49:17 UTC] PHP Warning:  Cannot modify header information - headers already sent by (output started at C:\Winginx\home\monavis.local\public_html\wp-login.php:61) in C:\Winginx\home\monavis.local\public_html\wp-content\themes\monavis\func\change-admin.php on line 14
[07-Jul-2015 11:08:45 UTC] PHP Parse error:  syntax error, unexpected '}' in C:\Winginx\home\monavis.local\public_html\wp-content\plugins\gravityforms\form_display.php on line 2316
[07-Jul-2015 11:08:47 UTC] PHP Parse error:  syntax error, unexpected '}' in C:\Winginx\home\monavis.local\public_html\wp-content\plugins\gravityforms\form_display.php on line 2316
[07-Jul-2015 11:39:19 UTC] PHP Warning:  sprintf(): Too few arguments in C:\Winginx\home\monavis.local\public_html\wp-content\plugins\gravityforms\common.php on line 2969
[07-Jul-2015 15:03:05 UTC] PHP Parse error:  syntax error, unexpected T_STRING in C:\Winginx\home\monavis.local\public_html\wp-content\plugins\gravityforms\form_display.php on line 585
[07-Jul-2015 15:05:29 UTC] PHP Warning:  call_user_func_array() expects parameter 1 to be a valid callback, function '
                <iframe style='display:none;width:0px; height:0px;' src='about:blank' name='gform_ajax_frame_2' id='gform_ajax_frame_2'></iframe>
                <script type='text/javascript'>function gformInitSpinner_2(){jQuery('#gform_2').validator().on('submit', function (e) { if(jQuery('#gform_ajax_spinner_2').length == 0 && !e.isDefaultPrevented()){jQuery('#gform_submit_button_2, #gform_wrapper_2 .gform_next_button, #gform_wrapper_2 .gform_image_button').after('<' + 'div id="gform_ajax_spinner_"  class="gform_ajax_spinner" ><i class="fa fa-spinner fa-spin"></i>'+ '<' + '/div' + '>'); }} );}jQuery(document).ready(function($){ jQuery('#gform_2 :input').each(function() { if( jQuery(this).val() == jQuery(this).attr('placeholder')) { jQuery(this).val(''); } });gformInitSpinner_2();jQuery('#gform_ajax_frame_2').load( function(){var contents = jQuery(this).contents().find('*').html();var is_postback = contents.indexOf('GF_AJAX_POSTBA in C:\Winginx\home\monavis.local\public_html\wp-includes\plugin.php on line 496
[07-Jul-2015 15:05:38 UTC] PHP Warning:  call_user_func_array() expects parameter 1 to be a valid callback, function '
                <iframe style='display:none;width:0px; height:0px;' src='about:blank' name='gform_ajax_frame_2' id='gform_ajax_frame_2'></iframe>
                <script type='text/javascript'>function gformInitSpinner_2(){jQuery('#gform_2').validator().on('submit', function (e) { if(jQuery('#gform_ajax_spinner_2').length == 0 && !e.isDefaultPrevented()){jQuery('#gform_submit_button_2, #gform_wrapper_2 .gform_next_button, #gform_wrapper_2 .gform_image_button').after('<' + 'div id="gform_ajax_spinner_"  class="gform_ajax_spinner" ><i class="fa fa-spinner fa-spin"></i>'+ '<' + '/div' + '>'); }} );}jQuery(document).ready(function($){ jQuery('#gform_2 :input').each(function() { if( jQuery(this).val() == jQuery(this).attr('placeholder')) { jQuery(this).val(''); } });gformInitSpinner_2();jQuery('#gform_ajax_frame_2').load( function(){var contents = jQuery(this).contents().find('*').html();var is_postback = contents.indexOf('GF_AJAX_POSTBA in C:\Winginx\home\monavis.local\public_html\wp-includes\plugin.php on line 496
[07-Jul-2015 16:40:30 UTC] PHP Fatal error:  Cannot access self:: when no class scope is active in C:\Winginx\home\monavis.local\public_html\wp-content\plugins\gravityforms\form_display.php(586) : runtime-created function on line 1
[15-Jul-2015 14:01:24 UTC] PHP Fatal error:  Call to undefined function echo_the_meta_description() in C:\Winginx\home\monavis.local\public_html\wp-content\themes\monavis\header.php on line 1
[15-Jul-2015 14:27:09 UTC] PHP Warning:  Cannot modify header information - headers already sent by (output started at C:\Winginx\home\monavis.local\public_html\wp-login.php:61) in C:\Winginx\home\monavis.local\public_html\wp-content\themes\monavis\func\change-admin.php on line 14
[20-Jul-2015 10:57:27 UTC] PHP Parse error:  syntax error, unexpected T_ENDIF in C:\Winginx\home\monavis.local\public_html\wp-content\themes\monavis\functions.php on line 649
[20-Jul-2015 10:58:00 UTC] PHP Parse error:  syntax error, unexpected '}' in C:\Winginx\home\monavis.local\public_html\wp-content\themes\monavis\functions.php on line 649
[20-Jul-2015 10:58:25 UTC] PHP Parse error:  syntax error, unexpected ')' in C:\Winginx\home\monavis.local\public_html\wp-content\themes\monavis\functions.php on line 645
[20-Jul-2015 11:00:02 UTC] PHP Fatal error:  Call to undefined function get_title() in C:\Winginx\home\monavis.local\public_html\wp-content\themes\monavis\functions.php on line 645
[21-Jul-2015 10:43:19 UTC] PHP Parse error:  syntax error, unexpected '@', expecting T_STRING or T_VARIABLE or '{' or '$' in C:\Winginx\home\monavis.local\public_html\wp-content\themes\monavis\func\breadcrumb.php on line 42
[21-Jul-2015 10:47:48 UTC] PHP Fatal error:  Call to a member function attributes() on a non-object in C:\Winginx\home\monavis.local\public_html\wp-content\themes\monavis\func\breadcrumb.php on line 42
[21-Jul-2015 10:48:45 UTC] PHP Fatal error:  Call to a member function attributes() on a non-object in C:\Winginx\home\monavis.local\public_html\wp-content\themes\monavis\func\breadcrumb.php on line 43
[21-Jul-2015 10:49:36 UTC] PHP Parse error:  syntax error, unexpected '[' in C:\Winginx\home\monavis.local\public_html\wp-content\themes\monavis\func\breadcrumb.php on line 42
[21-Jul-2015 10:49:49 UTC] PHP Parse error:  syntax error, unexpected T_LNUMBER, expecting T_STRING or T_VARIABLE or '{' or '$' in C:\Winginx\home\monavis.local\public_html\wp-content\themes\monavis\func\breadcrumb.php on line 42
[21-Jul-2015 10:55:29 UTC] PHP Fatal error:  Call to a member function attributes() on a non-object in C:\Winginx\home\monavis.local\public_html\wp-content\themes\monavis\func\breadcrumb.php on line 40
[21-Jul-2015 12:27:42 UTC] PHP Parse error:  syntax error, unexpected T_OBJECT_OPERATOR in C:\Winginx\home\monavis.local\public_html\wp-content\themes\monavis\category.php on line 1
[21-Jul-2015 12:27:58 UTC] PHP Parse error:  syntax error, unexpected T_OBJECT_OPERATOR in C:\Winginx\home\monavis.local\public_html\wp-content\themes\monavis\category.php on line 1
[21-Jul-2015 12:28:00 UTC] PHP Parse error:  syntax error, unexpected T_OBJECT_OPERATOR in C:\Winginx\home\monavis.local\public_html\wp-content\themes\monavis\category.php on line 1
[21-Jul-2015 12:55:22 UTC] PHP Parse error:  syntax error, unexpected ')' in C:\Winginx\home\monavis.local\public_html\wp-content\themes\monavis\category.php on line 1
[21-Jul-2015 12:57:05 UTC] PHP Parse error:  syntax error, unexpected ')' in C:\Winginx\home\monavis.local\public_html\wp-content\themes\monavis\category.php on line 1
[21-Jul-2015 12:57:07 UTC] PHP Parse error:  syntax error, unexpected ')' in C:\Winginx\home\monavis.local\public_html\wp-content\themes\monavis\category.php on line 1
[21-Jul-2015 12:57:27 UTC] PHP Parse error:  syntax error, unexpected ')' in C:\Winginx\home\monavis.local\public_html\wp-content\themes\monavis\category.php on line 55
[21-Jul-2015 12:59:31 UTC] PHP Parse error:  syntax error, unexpected ')' in C:\Winginx\home\monavis.local\public_html\wp-content\themes\monavis\category.php on line 1
[21-Jul-2015 13:00:51 UTC] PHP Parse error:  syntax error, unexpected $end in C:\Winginx\home\monavis.local\public_html\wp-content\themes\monavis\category.php on line 1
[21-Jul-2015 13:01:38 UTC] PHP Parse error:  syntax error, unexpected $end in C:\Winginx\home\monavis.local\public_html\wp-content\themes\monavis\category.php on line 1
[21-Jul-2015 13:20:04 UTC] PHP Fatal error:  Allowed memory size of 134217728 bytes exhausted (tried to allocate 494 bytes) in C:\Winginx\home\monavis.local\public_html\wp-includes\formatting.php on line 209
[21-Jul-2015 15:51:36 UTC] PHP Fatal error:  Call to undefined method wpBreadcrumbs::getBreadcrumbs() in C:\Winginx\home\monavis.local\public_html\wp-content\themes\monavis\single.php on line 1
[21-Jul-2015 15:51:47 UTC] PHP Fatal error:  Cannot use object of type wpBreadcrumbs as array in C:\Winginx\home\monavis.local\public_html\wp-content\themes\monavis\single.php on line 1
[21-Jul-2015 15:51:50 UTC] PHP Fatal error:  Cannot use object of type wpBreadcrumbs as array in C:\Winginx\home\monavis.local\public_html\wp-content\themes\monavis\single.php on line 1
[21-Jul-2015 15:51:53 UTC] PHP Fatal error:  Cannot use object of type wpBreadcrumbs as array in C:\Winginx\home\monavis.local\public_html\wp-content\themes\monavis\single.php on line 1
[21-Jul-2015 15:58:23 UTC] PHP Parse error:  syntax error, unexpected T_ARRAY_CAST in C:\Winginx\home\monavis.local\public_html\wp-content\themes\monavis\single.php on line 1
[23-Jul-2015 14:24:46 UTC] PHP Warning:  Invalid argument supplied for foreach() in C:\Winginx\home\monavis.local\public_html\wp-admin\includes\update-core.php on line 1252
[23-Jul-2015 14:24:46 UTC] PHP Warning:  Invalid argument supplied for foreach() in C:\Winginx\home\monavis.local\public_html\wp-admin\includes\update-core.php on line 1252
[23-Jul-2015 14:24:46 UTC] PHP Warning:  Invalid argument supplied for foreach() in C:\Winginx\home\monavis.local\public_html\wp-admin\includes\update-core.php on line 1252
[23-Jul-2015 14:48:32 UTC] PHP Warning:  Missing argument 1 for wpBreadcrumbs::__construct(), called in C:\Winginx\home\monavis.local\public_html\wp-content\themes\monavis\design.php on line 1 and defined in C:\Winginx\home\monavis.local\public_html\wp-content\themes\monavis\func\breadcrumbs.php on line 8
[23-Jul-2015 14:48:32 UTC] PHP Warning:  Missing argument 2 for wpBreadcrumbs::__construct(), called in C:\Winginx\home\monavis.local\public_html\wp-content\themes\monavis\design.php on line 1 and defined in C:\Winginx\home\monavis.local\public_html\wp-content\themes\monavis\func\breadcrumbs.php on line 8
[23-Jul-2015 14:48:32 UTC] PHP Warning:  Missing argument 3 for wpBreadcrumbs::__construct(), called in C:\Winginx\home\monavis.local\public_html\wp-content\themes\monavis\design.php on line 1 and defined in C:\Winginx\home\monavis.local\public_html\wp-content\themes\monavis\func\breadcrumbs.php on line 8
[24-Jul-2015 11:15:49 UTC] PHP Warning:  Missing argument 2 for get_page_children(), called in C:\Winginx\home\monavis.local\public_html\wp-content\themes\monavis\decoration.php on line 1 and defined in C:\Winginx\home\monavis.local\public_html\wp-includes\post.php on line 4332
[24-Jul-2015 12:38:55 UTC] PHP Parse error:  syntax error, unexpected T_VARIABLE, expecting ')' in C:\Winginx\home\monavis.local\public_html\wp-content\themes\monavis\decoration.php on line 1
[24-Jul-2015 12:39:23 UTC] PHP Parse error:  syntax error, unexpected $end in C:\Winginx\home\monavis.local\public_html\wp-content\themes\monavis\decoration.php on line 1
[24-Jul-2015 12:41:13 UTC] PHP Catchable fatal error:  Object of class WP_Post could not be converted to string in C:\Winginx\home\monavis.local\public_html\wp-content\themes\monavis\decoration.php on line 1
[24-Jul-2015 12:42:31 UTC] PHP Warning:  Missing argument 1 for WP_Post::__construct(), called in C:\Winginx\home\monavis.local\public_html\wp-content\themes\monavis\decoration.php on line 1 and defined in C:\Winginx\home\monavis.local\public_html\wp-includes\post.php on line 679
[24-Jul-2015 12:42:31 UTC] PHP Warning:  get_object_vars() expects parameter 1 to be object, null given in C:\Winginx\home\monavis.local\public_html\wp-includes\post.php on line 680
[24-Jul-2015 12:42:31 UTC] PHP Warning:  Invalid argument supplied for foreach() in C:\Winginx\home\monavis.local\public_html\wp-includes\post.php on line 680
[24-Jul-2015 12:42:31 UTC] PHP Catchable fatal error:  Object of class WP_Post could not be converted to string in C:\Winginx\home\monavis.local\public_html\wp-content\themes\monavis\decoration.php on line 1
[24-Jul-2015 12:42:58 UTC] PHP Warning:  Missing argument 1 for WP_Post::__construct(), called in C:\Winginx\home\monavis.local\public_html\wp-content\themes\monavis\decoration.php on line 1 and defined in C:\Winginx\home\monavis.local\public_html\wp-includes\post.php on line 679
[24-Jul-2015 12:42:58 UTC] PHP Warning:  get_object_vars() expects parameter 1 to be object, null given in C:\Winginx\home\monavis.local\public_html\wp-includes\post.php on line 680
[24-Jul-2015 12:42:58 UTC] PHP Warning:  Invalid argument supplied for foreach() in C:\Winginx\home\monavis.local\public_html\wp-includes\post.php on line 680
[24-Jul-2015 12:42:58 UTC] PHP Catchable fatal error:  Object of class WP_Post could not be converted to string in C:\Winginx\home\monavis.local\public_html\wp-content\themes\monavis\decoration.php on line 1
[24-Jul-2015 12:43:01 UTC] PHP Warning:  Missing argument 1 for WP_Post::__construct(), called in C:\Winginx\home\monavis.local\public_html\wp-content\themes\monavis\decoration.php on line 1 and defined in C:\Winginx\home\monavis.local\public_html\wp-includes\post.php on line 679
[24-Jul-2015 12:43:01 UTC] PHP Warning:  get_object_vars() expects parameter 1 to be object, null given in C:\Winginx\home\monavis.local\public_html\wp-includes\post.php on line 680
[24-Jul-2015 12:43:01 UTC] PHP Warning:  Invalid argument supplied for foreach() in C:\Winginx\home\monavis.local\public_html\wp-includes\post.php on line 680
[24-Jul-2015 12:43:01 UTC] PHP Catchable fatal error:  Object of class WP_Post could not be converted to string in C:\Winginx\home\monavis.local\public_html\wp-content\themes\monavis\decoration.php on line 1
[24-Jul-2015 12:43:12 UTC] PHP Warning:  Missing argument 1 for WP_Post::__construct(), called in C:\Winginx\home\monavis.local\public_html\wp-content\themes\monavis\decoration.php on line 1 and defined in C:\Winginx\home\monavis.local\public_html\wp-includes\post.php on line 679
[24-Jul-2015 12:43:12 UTC] PHP Warning:  get_object_vars() expects parameter 1 to be object, null given in C:\Winginx\home\monavis.local\public_html\wp-includes\post.php on line 680
[24-Jul-2015 12:43:12 UTC] PHP Warning:  Invalid argument supplied for foreach() in C:\Winginx\home\monavis.local\public_html\wp-includes\post.php on line 680
[24-Jul-2015 12:43:12 UTC] PHP Catchable fatal error:  Object of class WP_Post could not be converted to string in C:\Winginx\home\monavis.local\public_html\wp-content\themes\monavis\decoration.php on line 1
[24-Jul-2015 12:44:01 UTC] PHP Catchable fatal error:  Object of class WP_Post could not be converted to string in C:\Winginx\home\monavis.local\public_html\wp-content\themes\monavis\decoration.php on line 1
[24-Jul-2015 15:45:19 UTC] PHP Catchable fatal error:  Object of class WP_Error could not be converted to string in C:\Winginx\home\monavis.local\public_html\wp-content\themes\monavis\archive-decoration.php on line 1
[24-Jul-2015 15:47:18 UTC] PHP Parse error:  syntax error, unexpected ';' in C:\Winginx\home\monavis.local\public_html\wp-content\themes\monavis\archive-decoration.php on line 1
[24-Jul-2015 15:47:53 UTC] PHP Catchable fatal error:  Object of class WP_Error could not be converted to string in C:\Winginx\home\monavis.local\public_html\wp-content\themes\monavis\taxonomy-decoration-type.php on line 1
[24-Jul-2015 15:55:59 UTC] PHP Parse error:  syntax error, unexpected ';' in C:\Winginx\home\monavis.local\public_html\wp-content\themes\monavis\taxonomy-decoration-type.php on line 1
[24-Jul-2015 15:56:29 UTC] PHP Parse error:  syntax error, unexpected ';' in C:\Winginx\home\monavis.local\public_html\wp-content\themes\monavis\archive-decoration.php on line 1
[24-Jul-2015 15:58:04 UTC] PHP Parse error:  syntax error, unexpected ';' in C:\Winginx\home\monavis.local\public_html\wp-content\themes\monavis\archive-decoration.php on line 1
[24-Jul-2015 16:31:20 UTC] PHP Parse error:  syntax error, unexpected ')' in C:\Winginx\home\monavis.local\public_html\wp-content\themes\monavis\taxonomy-decoration-type.php on line 1
[27-Jul-2015 10:31:42 UTC] PHP Parse error:  syntax error, unexpected T_ENDIF in C:\Winginx\home\monavis.local\public_html\wp-content\themes\monavis\archive-product.php on line 1
[27-Jul-2015 11:10:28 UTC] PHP Parse error:  syntax error, unexpected T_ENDFOREACH in C:\Winginx\home\monavis.local\public_html\wp-content\themes\monavis\archive-product.php on line 1
[27-Jul-2015 11:11:30 UTC] PHP Parse error:  syntax error, unexpected T_ENDFOREACH in C:\Winginx\home\monavis.local\public_html\wp-content\themes\monavis\archive-product.php on line 1
[27-Jul-2015 11:12:35 UTC] PHP Parse error:  syntax error, unexpected T_ENDFOREACH in C:\Winginx\home\monavis.local\public_html\wp-content\themes\monavis\archive-product.php on line 1
[27-Jul-2015 15:04:04 UTC] PHP Warning:  Missing argument 1 for get_post_meta(), called in C:\Winginx\home\monavis.local\public_html\wp-content\themes\monavis\taxonomy-product_cat.php on line 1 and defined in C:\Winginx\home\monavis.local\public_html\wp-includes\post.php on line 1941
[27-Jul-2015 15:04:04 UTC] PHP Warning:  Missing argument 1 for get_post_meta(), called in C:\Winginx\home\monavis.local\public_html\wp-content\themes\monavis\taxonomy-product_cat.php on line 1 and defined in C:\Winginx\home\monavis.local\public_html\wp-includes\post.php on line 1941
[27-Jul-2015 15:04:04 UTC] PHP Warning:  Missing argument 1 for get_post_meta(), called in C:\Winginx\home\monavis.local\public_html\wp-content\themes\monavis\taxonomy-product_cat.php on line 1 and defined in C:\Winginx\home\monavis.local\public_html\wp-includes\post.php on line 1941
[27-Jul-2015 15:05:23 UTC] PHP Warning:  Missing argument 1 for get_metadata(), called in C:\Winginx\home\monavis.local\public_html\wp-content\themes\monavis\taxonomy-product_cat.php on line 1 and defined in C:\Winginx\home\monavis.local\public_html\wp-includes\meta.php on line 454
[27-Jul-2015 15:05:23 UTC] PHP Warning:  Missing argument 2 for get_metadata(), called in C:\Winginx\home\monavis.local\public_html\wp-content\themes\monavis\taxonomy-product_cat.php on line 1 and defined in C:\Winginx\home\monavis.local\public_html\wp-includes\meta.php on line 454
[27-Jul-2015 15:05:23 UTC] PHP Warning:  Missing argument 1 for get_metadata(), called in C:\Winginx\home\monavis.local\public_html\wp-content\themes\monavis\taxonomy-product_cat.php on line 1 and defined in C:\Winginx\home\monavis.local\public_html\wp-includes\meta.php on line 454
[27-Jul-2015 15:05:23 UTC] PHP Warning:  Missing argument 2 for get_metadata(), called in C:\Winginx\home\monavis.local\public_html\wp-content\themes\monavis\taxonomy-product_cat.php on line 1 and defined in C:\Winginx\home\monavis.local\public_html\wp-includes\meta.php on line 454
[27-Jul-2015 15:05:23 UTC] PHP Warning:  Missing argument 1 for get_metadata(), called in C:\Winginx\home\monavis.local\public_html\wp-content\themes\monavis\taxonomy-product_cat.php on line 1 and defined in C:\Winginx\home\monavis.local\public_html\wp-includes\meta.php on line 454
[27-Jul-2015 15:05:23 UTC] PHP Warning:  Missing argument 2 for get_metadata(), called in C:\Winginx\home\monavis.local\public_html\wp-content\themes\monavis\taxonomy-product_cat.php on line 1 and defined in C:\Winginx\home\monavis.local\public_html\wp-includes\meta.php on line 454
[27-Jul-2015 15:36:05 UTC] PHP Warning:  unserialize() expects parameter 1 to be string, array given in C:\Winginx\home\monavis.local\public_html\wp-content\themes\monavis\taxonomy-product_cat.php on line 1
[27-Jul-2015 15:36:05 UTC] PHP Warning:  unserialize() expects parameter 1 to be string, array given in C:\Winginx\home\monavis.local\public_html\wp-content\themes\monavis\taxonomy-product_cat.php on line 1
[27-Jul-2015 15:36:05 UTC] PHP Warning:  unserialize() expects parameter 1 to be string, array given in C:\Winginx\home\monavis.local\public_html\wp-content\themes\monavis\taxonomy-product_cat.php on line 1
[27-Jul-2015 18:04:26 UTC] PHP Fatal error:  Call to undefined method WC_Cart::add_to_cart_url() in C:\Winginx\home\monavis.local\public_html\wp-content\themes\monavis\taxonomy-product_cat.php on line 1
[28-Jul-2015 15:19:55 UTC] PHP Fatal error:  Call to undefined function is_signle() in C:\Winginx\home\monavis.local\public_html\wp-content\themes\monavis\single-product.php on line 1
[28-Jul-2015 17:40:49 UTC] PHP Fatal error:  Call to undefined method WC_Cart::get_url() in C:\Winginx\home\monavis.local\public_html\wp-content\themes\monavis\single-product.php on line 1
[30-Jul-2015 16:08:09 UTC] База данных WordPress возвратила ошибку You have an error in your SQL syntax; check the manual that corresponds to your MySQL server version for the right syntax to use near ') AND wp_posts.post_type = 'product' AND (wp_posts.post_status = 'publish' OR wp' at line 1 в ответ на запрос SELECT SQL_CALC_FOUND_ROWS  wp_posts.ID FROM wp_posts  WHERE 1=1  AND wp_posts.ID IN () AND wp_posts.post_type = 'product' AND (wp_posts.post_status = 'publish' OR wp_posts.post_status = 'private')  ORDER BY wp_posts.post_date DESC LIMIT 0, 10, выполненный require('C:\Winginx\home\monavis.local\public_html\wp-blog-header.php'), require_once('C:\Winginx\home\monavis.local\public_html\wp-includes\template-loader.php'), include('C:\Winginx\home\monavis.local\public_html\wp-content\themes\monavis\single-product.php'), query_posts, WP_Query->query, WP_Query->get_posts
[05-Aug-2015 11:30:40 UTC] База данных WordPress возвратила ошибку Unknown column 'pm.meta_key' in 'where clause' в ответ на запрос SELECT DISTINCT p.post_title, p.ID, pt.meta_value FROM wp_posts AS p RIGHT JOIN wp_postmeta AS pt ON (pm.post_id = p.ID) WHERE p.post_type= 'decoration' AND p.post_status = 'publish' AND pm.meta_key = '_thumbnail_id' ORDER BY p.menu_order, выполненный require('C:\Winginx\home\monavis.local\public_html\wp-blog-header.php'), require_once('C:\Winginx\home\monavis.local\public_html\wp-includes\template-loader.php'), include('C:\Winginx\home\monavis.local\public_html\wp-content\themes\monavis\taxonomy-decoration-type.php')
